<?xml version="1.0" encoding="UTF-8"?>
<testsuite name="Get list of latest movies" tests="1" skipped="0" failures="0" errors="0" timestamp="2022-01-30T19:36:34" hostname="DESKTOP-UF35TVL" time="9.033">
  <properties/>
  <testcase name="based on first latest date" classname="Get list of latest movies" time="9.033"/>
  <system-out><![CDATA[]]></system-out>
  <system-err><![CDATA[Starting ChromeDriver 97.0.4692.71 (adefa7837d02a07a604c1e6eff0b3a09422ab88d-refs/branch-heads/4692@{#1247}) on port 34726
Only local connections are allowed.
Please see https://chromedriver.chromium.org/security-considerations for suggestions on keeping ChromeDriver safe.
ChromeDriver was started successfully.
Jan 31, 2022 3:36:36 AM org.openqa.selenium.remote.ProtocolHandshake createSession
INFO: Detected dialect: W3C
]]></system-err>
</testsuite>
